\BOOKMARK [1][-]{section.1}{\376\377\000O\000v\000e\000r\000v\000i\000e\000w}{}% 1
\BOOKMARK [1][-]{section.2}{\376\377\000R\000\040\000B\000a\000s\000i\000c\000s}{}% 2
\BOOKMARK [2][-]{subsection.2.1}{\376\377\000U\000s\000e\000f\000u\000l\000\040\000W\000e\000b\000s\000i\000t\000e\000s\000\040\000f\000o\000r\000\040\000L\000e\000a\000r\000n\000i\000n\000g\000\040\000R}{section.2}% 3
\BOOKMARK [1][-]{section.3}{\376\377\000P\000i\000c\000t\000u\000r\000i\000n\000g\000\040\000a\000n\000d\000\040\000D\000e\000s\000c\000r\000i\000b\000i\000n\000g\000\040\000D\000a\000t\000a}{}% 4
\BOOKMARK [2][-]{subsection.3.1}{\376\377\000D\000e\000s\000c\000r\000i\000p\000t\000i\000v\000e\000\040\000S\000t\000a\000t\000i\000s\000t\000i\000c\000s}{section.3}% 5
\BOOKMARK [2][-]{subsection.3.2}{\376\377\000s\000u\000m\000m\000a\000r\000y\000\050\000\051}{section.3}% 6
\BOOKMARK [2][-]{subsection.3.3}{\376\377\000F\000r\000e\000q\000u\000e\000n\000c\000y\000\040\000H\000i\000s\000t\000o\000g\000r\000a\000m}{section.3}% 7
\BOOKMARK [2][-]{subsection.3.4}{\376\377\000S\000t\000a\000c\000k\000e\000d\000\040\000D\000o\000t\000\040\000P\000l\000o\000t}{section.3}% 8
\BOOKMARK [2][-]{subsection.3.5}{\376\377\000E\000n\000d\000\040\000o\000f\000\040\000C\000h\000a\000p\000t\000e\000r\000\040\000E\000x\000e\000r\000c\000i\000s\000e\000s}{section.3}% 9
\BOOKMARK [1][-]{section.4}{\376\377\000T\000h\000e\000\040\000N\000o\000r\000m\000a\000l\000\040\000D\000i\000s\000t\000r\000i\000b\000u\000t\000i\000o\000n\000\040\000a\000n\000d\000\040\000S\000a\000m\000p\000l\000i\000n\000g}{}% 10
\BOOKMARK [2][-]{subsection.4.1}{\376\377\000F\000i\000n\000d\000i\000n\000g\000\040\000T\000a\000i\000l\000\040\000A\000r\000e\000a\000s}{section.4}% 11
\BOOKMARK [2][-]{subsection.4.2}{\376\377\000F\000i\000n\000d\000i\000n\000g\000\040\000X\000\040\000o\000r\000\040\000z}{section.4}% 12
\BOOKMARK [2][-]{subsection.4.3}{\376\377\000E\000n\000d\000\040\000o\000f\000\040\000C\000h\000a\000p\000t\000e\000r\000\040\000E\000x\000e\000r\000c\000i\000s\000e\000s}{section.4}% 13
\BOOKMARK [1][-]{section.5}{\376\377\000C\000o\000n\000f\000i\000d\000e\000n\000c\000e\000\040\000I\000n\000t\000e\000r\000v\000a\000l\000s\000\040\000a\000n\000d\000\040\000E\000f\000f\000e\000c\000t\000\040\000S\000i\000z\000e\000s}{}% 14
\BOOKMARK [2][-]{subsection.5.1}{\376\377\000F\000i\000n\000d\000i\000n\000g\000\040\000T\000a\000i\000l\000\040\000a\000r\000e\000a\000s\000\040\000f\000o\000r\000\040\000t\000-\000v\000a\000l\000u\000e\000s}{section.5}% 15
\BOOKMARK [2][-]{subsection.5.2}{\376\377\000F\000i\000n\000d\000\040\000c\000r\000i\000t\000i\000c\000a\000l\000\040\000t\000\040\000v\000a\000l\000u\000e\000s}{section.5}% 16
\BOOKMARK [2][-]{subsection.5.3}{\376\377\000C\000a\000t\000'\000s\000\040\000E\000y\000e\000\040\000P\000i\000c\000t\000u\000r\000e}{section.5}% 17
\BOOKMARK [2][-]{subsection.5.4}{\376\377\000E\000n\000d\000\040\000o\000f\000\040\000C\000h\000a\000p\000t\000e\000r\000\040\000E\000x\000e\000r\000c\000i\000s\000e\000s}{section.5}% 18
\BOOKMARK [1][-]{section.6}{\376\377\000P\000-\000v\000a\000l\000u\000e\000s\000,\000\040\000N\000H\000S\000T\000\040\000a\000n\000d\000\040\000C\000o\000n\000f\000i\000d\000e\000n\000c\000e\000\040\000I\000n\000t\000e\000r\000v\000a\000l\000s}{}% 19
\BOOKMARK [2][-]{subsection.6.1}{\376\377\000C\000a\000l\000c\000u\000l\000a\000t\000e\000\040\000p\000-\000v\000a\000l\000u\000e\000s\000\040\000u\000s\000i\000n\000g\000\040\000Z}{section.6}% 20
\BOOKMARK [2][-]{subsection.6.2}{\376\377\000C\000a\000l\000c\000u\000l\000a\000t\000e\000\040\000p\000-\000v\000a\000l\000u\000e\000s\000\040\000g\000i\000v\000e\000n\000\040\000t}{section.6}% 21
\BOOKMARK [2][-]{subsection.6.3}{\376\377\000E\000n\000d\000\040\000o\000f\000\040\000C\000h\000a\000p\000t\000e\000r\000\040\000E\000x\000e\000r\000c\000i\000s\000e\000s}{section.6}% 22
\BOOKMARK [1][-]{section.7}{\376\377\000I\000n\000d\000e\000p\000e\000n\000d\000e\000n\000t\000\040\000G\000r\000o\000u\000p\000s\000\040\000D\000e\000s\000i\000g\000n}{}% 23
\BOOKMARK [1][-]{section.8}{\376\377\000U\000n\000s\000t\000a\000n\000d\000a\000r\000d\000i\000z\000e\000d}{}% 24
\BOOKMARK [1][-]{section.9}{\376\377\000S\000t\000a\000n\000d\000a\000r\000d\000i\000z\000e\000d}{}% 25
\BOOKMARK [1][-]{section.10}{\376\377\000C\000o\000h\000e\000n\000'\000s\000\040\000d\000\040\000\050\000b\000i\000a\000s\000e\000d\000\051}{}% 26
\BOOKMARK [1][-]{section.11}{\376\377\000C\000o\000h\000e\000n\000'\000s\000\040\000d\000\040\000\050\000u\000n\000b\000i\000a\000s\000e\000d\000\051}{}% 27
\BOOKMARK [1][-]{section.12}{\376\377\000N\000o\000n\000c\000e\000n\000t\000r\000a\000l\000-\000T\000\040\000C\000o\000n\000f\000i\000d\000e\000n\000c\000e\000\040\000I\000n\000t\000e\000r\000v\000a\000l\000\040\000f\000o\000r\000\040\000D}{}% 28
\BOOKMARK [2][-]{subsection.12.1}{\376\377\000E\000n\000d\000\040\000o\000f\000\040\000C\000h\000a\000p\000t\000e\000r\000\040\000E\000x\000e\000r\000c\000i\000s\000e\000s}{section.12}% 29
\BOOKMARK [1][-]{section.13}{\376\377\000P\000a\000i\000r\000e\000d\000\040\000D\000e\000s\000i\000g\000n}{}% 30
\BOOKMARK [2][-]{subsection.13.1}{\376\377\000E\000n\000d\000\040\000o\000f\000\040\000C\000h\000a\000p\000t\000e\000r\000\040\000E\000x\000e\000r\000c\000i\000s\000e\000s}{section.13}% 31
\BOOKMARK [1][-]{section.14}{\376\377\000M\000e\000t\000a\000\040\000A\000n\000a\000l\000y\000s\000i\000s}{}% 32
\BOOKMARK [2][-]{subsection.14.1}{\376\377\000E\000n\000d\000\040\000o\000f\000\040\000C\000h\000a\000p\000t\000e\000r\000\040\000E\000x\000e\000r\000c\000i\000s\000e\000s}{section.14}% 33
\BOOKMARK [1][-]{section.15}{\376\377\000O\000p\000e\000n\000\040\000S\000c\000i\000e\000n\000c\000e\000\040\000\046\000\040\000P\000l\000a\000n\000n\000i\000n\000g\000\040\000R\000e\000s\000e\000a\000r\000c\000h}{}% 34
\BOOKMARK [2][-]{subsection.15.1}{\376\377\000E\000n\000d\000\040\000o\000f\000\040\000C\000h\000a\000p\000t\000e\000r\000\040\000E\000x\000e\000r\000c\000i\000s\000e\000s}{section.15}% 35
\BOOKMARK [1][-]{section.16}{\376\377\000C\000o\000r\000r\000e\000l\000a\000t\000i\000o\000n}{}% 36
\BOOKMARK [2][-]{subsection.16.1}{\376\377\000E\000n\000d\000\040\000o\000f\000\040\000C\000h\000a\000p\000t\000e\000r\000\040\000E\000x\000e\000r\000c\000i\000s\000e\000s}{section.16}% 37
\BOOKMARK [1][-]{section.17}{\376\377\000R\000e\000g\000r\000e\000s\000s\000i\000o\000n}{}% 38
\BOOKMARK [2][-]{subsection.17.1}{\376\377\000E\000n\000d\000\040\000o\000f\000\040\000C\000h\000a\000p\000t\000e\000r\000\040\000E\000x\000e\000r\000c\000i\000s\000e\000s}{section.17}% 39
\BOOKMARK [1][-]{section.18}{\376\377\000F\000r\000e\000q\000u\000e\000n\000c\000i\000e\000s\000,\000\040\000P\000r\000o\000p\000o\000r\000t\000i\000o\000n\000s\000,\000\040\000a\000n\000d\000\040\000R\000i\000s\000k}{}% 40
\BOOKMARK [2][-]{subsection.18.1}{\376\377\000E\000n\000d\000\040\000o\000f\000\040\000C\000h\000a\000p\000t\000e\000r\000\040\000E\000x\000e\000r\000c\000i\000s\000e\000s}{section.18}% 41
\BOOKMARK [1][-]{section.19}{\376\377\000E\000x\000t\000e\000n\000d\000e\000d\000\040\000D\000e\000s\000i\000g\000n\000s}{}% 42
\BOOKMARK [2][-]{subsection.19.1}{\376\377\000E\000n\000d\000\040\000o\000f\000\040\000C\000h\000a\000p\000t\000e\000r\000\040\000E\000x\000e\000r\000c\000i\000s\000e\000s\000\040\000-\000\040\000C\000h\000\040\0001\0004}{section.19}% 43
\BOOKMARK [2][-]{subsection.19.2}{\376\377\000E\000n\000d\000\040\000o\000f\000\040\000C\000h\000a\000p\000t\000e\000r\000\040\000E\000x\000e\000r\000c\000i\000s\000e\000s\000\040\000-\000\040\000C\000h\000\040\0001\0005}{section.19}% 44
\BOOKMARK [1][-]{section.20}{\376\377\000F\000u\000t\000u\000r\000e\000\040\000D\000i\000r\000e\000c\000t\000i\000o\000n\000s}{}% 45
\BOOKMARK [2][-]{subsection.20.1}{\376\377\000E\000n\000d\000\040\000o\000f\000\040\000C\000h\000a\000p\000t\000e\000r\000\040\000E\000x\000e\000r\000c\000i\000s\000e\000s}{section.20}% 46
